hadd /d/proc/aug17/311/beam_s311_20.hld.root beam_17246062208.hld.root beam_17246063339.hld.root beam_17246064440.hld.root

hadd /d/proc/aug17/311/beam_s311_25.hld.root beam_17246031110.hld.root beam_17246032045.hld.root beam_17246032851.hld.root beam_17246033701.hld.root beam_17246034507.hld.root beam_17246035316.hld.root beam_17246040107.hld.root beam_17246040909.hld.root beam_17246041712.hld.root beam_17246042518.hld.root beam_17246043324.hld.root beam_17246044114.hld.root beam_17246044937.hld.root beam_17246045904.hld.root beam_17246050813.hld.root beam_17246051727.hld.root beam_17246052649.hld.root beam_17246053603.hld.root beam_17246054516.hld.root beam_17246055604.hld.root beam_17246060511.hld.root beam_17246061427.hld.root

hadd /d/proc/aug17/311/beam_s311_30.hld.root beam_17246003302.hld.root beam_17246004413.hld.root beam_17246005546.hld.root beam_17246010654.hld.root beam_17246011832.hld.root beam_17246012952.hld.root beam_17246014120.hld.root beam_17246015253.hld.root beam_17246020419.hld.root beam_17246021539.hld.root beam_17246022651.hld.root beam_17246023815.hld.root  beam_17246024943.hld.root beam_17246030003.hld.root

hadd /d/proc/aug17/311/beam_s311_50.hld.root beam_17245231724.hld.root beam_17245233158.hld.root beam_17245234625.hld.root beam_17246000032.hld.root beam_17246001441.hld.root beam_17246002833.hld.root

hadd /d/proc/aug17/311/beam_s311_70.hld.root beam_17245214820.hld.root beam_17245220437.hld.root beam_17245222027.hld.root beam_17245223620.hld.root beam_17245225157.hld.root

hadd /d/proc/aug17/311/beam_s311_90.hld.root beam_17245173129.hld.root beam_17245174617.hld.root beam_17245181534.hld.root beam_17245183037.hld.root beam_17245184515.hld.root

hadd /d/proc/aug17/311/beam_s311_110.hld.root beam_17245184809.hld.root beam_17245190244.hld.root beam_17245191739.hld.root beam_17245193218.hld.root beam_17245194708.hld.root beam_17245200142.hld.root

hadd /d/proc/aug17/311/beam_s311_130.hld.root beam_17245203345.hld.root beam_17245203345.hld.root beam_17245204732.hld.root beam_17245210058.hld.root beam_17245211425.hld.root beam_17245212751.hld.root beam_17245214130.hld.root


hadd /d/proc/aug17/311/beam_s311_35.hld.root beam_17246064600.hld.root beam_17246065851.hld.root
hadd /d/proc/aug17/311/beam_s311_40.hld.root beam_17246070836.hld.root beam_17246072027.hld.root
hadd /d/proc/aug17/311/beam_s311_45.hld.root beam_17246072539.hld.root beam_17246073735.hld.root
hadd /d/proc/aug17/311/beam_s311_55.hld.root beam_17246080624.hld.root beam_17246081900.hld.root
hadd /d/proc/aug17/311/beam_s311_60.hld.root beam_17246082422.hld.root beam_17246083715.hld.root
hadd /d/proc/aug17/311/beam_s311_65.hld.root beam_17246083955.hld.root beam_17246085312.hld.root
hadd /d/proc/aug17/311/beam_s311_75.hld.root beam_17246085554.hld.root beam_17246090952.hld.root
hadd /d/proc/aug17/311/beam_s311_80.hld.root beam_17246091239.hld.root beam_17246092627.hld.root
hadd /d/proc/aug17/311/beam_s311_85.hld.root beam_17246092839.hld.root beam_17246094156.hld.root
hadd /d/proc/aug17/311/beam_s311_95.hld.root beam_17246094520.hld.root beam_17246095835.hld.root
hadd /d/proc/aug17/311/beam_s311_100.hld.root beam_17246100159.hld.root beam_17246101523.hld.root
hadd /d/proc/aug17/311/beam_s311_105.hld.root beam_17246101825.hld.root beam_17246103151.hld.root
hadd /d/proc/aug17/311/beam_s311_115.hld.root beam_17246103725.hld.root beam_17246104944.hld.root
hadd /d/proc/aug17/311/beam_s311_120.hld.root beam_17246105401.hld.root beam_17246110603.hld.root
hadd /d/proc/aug17/311/beam_s311_125.hld.root beam_17246111123.hld.root beam_17246112313.hld.root
hadd /d/proc/aug17/311/beam_s311_135.hld.root beam_17246112725.hld.root beam_17246113820.hld.root
hadd /d/proc/aug17/311/beam_s311_140.hld.root beam_17246114557.hld.root beam_17246115656.hld.root





#312

# hadd /d/proc/aug17/312/beam_s312_25.hld.root beam_17246152910.hld.root beam_17246154008.hld.root beam_17246155115.hld.root beam_17246160227.hld.root beam_17246161340.hld.root beam_17246164024.hld.root beam_17246165453.hld.root

hadd /d/proc/aug17/312/beam_s312_50.hld.root beam_17246173940.hld.root beam_17246175753.hld.root beam_17246181457.hld.root beam_17246182919.hld.root beam_17246184336.hld.root

hadd /d/proc/aug17/312/beam_s312_70.hld.root beam_17246190006.hld.root beam_17246191701.hld.root beam_17246193349.hld.root beam_17246195003.hld.root beam_17246200619.hld.root

hadd /d/proc/aug17/312/beam_s312_90.hld.root beam_17246201655.hld.root beam_17246203426.hld.root beam_17246210419.hld.root
beam_17246211951.hld.root beam_17246213544.hld.root beam_17246215108.hld.root beam_17246220626.hld.root

hadd /d/proc/aug17/312/beam_s312_110.hld.root beam_17246221515.hld.root beam_17246223019.hld.root beam_17246224529.hld.root beam_17246230049.hld.root beam_17246231624.hld.root

hadd /d/proc/aug17/312/beam_s312_25.hld.root beam_17246233318.hld.root beam_17246234204.hld.root beam_17246235055.hld.root beam_17247000004.hld.root beam_17247000922.hld.root beam_17247002123.hld.root beam_17247003125.hld.root beam_17247004108.hld.root beam_17247005103.hld.root beam_17247010108.hld.root beam_17247011108.hld.root beam_17247012044.hld.root beam_17247013049.hld.root beam_17247014044.hld.root beam_17247015044.hld.root beam_17247020032.hld.root beam_17247021032.hld.root

hadd /d/proc/aug17/312/beam_s312_30.hld.root beam_17247022059.hld.root beam_17247023201.hld.root beam_17247024315.hld.root beam_17247025403.hld.root beam_17247030520.hld.root beam_17247031615.hld.root beam_17247032720.hld.root beam_17247033820.hld.root beam_17247034944.hld.root beam_17247040049.hld.root beam_17247041144.hld.root beam_17247042251.hld.root beam_17247043349.hld.root beam_17247044456.hld.root beam_17247045608.hld.root beam_17247050708.hld.root beam_17247051813.hld.root beam_17247052937.hld.root beam_17247054044.hld.root beam_17247055156.hld.root beam_17247060303.hld.root beam_17247061408.hld.root beam_17247062515.hld.root beam_17247063639.hld.root

hadd /d/proc/aug17/312/beam_s312_130.hld.root beam_17247064047.hld.root beam_17247065308.hld.root beam_17247070527.hld.root beam_17247071803.hld.root beam_17247073039.hld.root beam_17247074308.hld.root

hadd /d/proc/aug17/312/beam_s312_140.hld.root beam_17247074523.hld.root beam_17247075713.hld.root

hadd /d/proc/aug17/312/beam_s312_120.hld.root beam_17247080544.hld.root beam_17247081849.hld.root

hadd /d/proc/aug17/312/beam_s312_100.hld.root beam_17247082432.hld.root beam_17247083837.hld.root

hadd /d/proc/aug17/312/beam_s312_80.hld.root beam_17247084806.hld.root beam_17247090244.hld.root

hadd /d/proc/aug17/312/beam_s312_60.hld.root beam_17247090529.hld.root beam_17247092033.hld.root

hadd /d/proc/aug17/312/beam_s312_40.hld.root beam_17247092211.hld.root beam_17247094304.hld.root

hadd /d/proc/aug17/312/beam_s312_20.hld.root beam_17247095312.hld.root beam_17247100837.hld.root



//313 mom scan phi=0 theta=25

hadd /d/proc/aug17/313/beam_s313_25_10.hld.root beam_17247205005.hld.root beam_17247205925.hld.root beam_17247210928.hld.root beam_17247215042.hld.root beam_17247220031.hld.root beam_17247220949.hld.root

hadd /d/proc/aug17/313/beam_s313_25_5.hld.root beam_17247222521.hld.root beam_17247224808.hld.root beam_17247231008.hld.root beam_17247233046.hld.root beam_17247234808.hld.root beam_17248000534.hld.root beam_17248002301.hld.root

hadd /d/proc/aug17/313/beam_s313_25_3.hld.root beam_17248003535.hld.root beam_17248011527.hld.root beam_17248020818.hld.root beam_17248024703.hld.root beam_17248032901.hld.root beam_17248041310.hld.root beam_17248045734.hld.root beam_17248054225.hld.root beam_17248062734.hld.root beam_17248071225.hld.root

hadd /d/proc/aug17/313/beam_s313_25_8.hld.root beam_17248074049.hld.root beam_17248075125.hld.root beam_17248080146.hld.root beam_17248081158.hld.root beam_17248082225.hld.root beam_17248085644.hld.root beam_17248091243.hld.root

hadd /d/proc/aug17/313/beam_s313_25_6.hld.root beam_17248091746.hld.root beam_17248093044.hld.root beam_17248094339.hld.root beam_17248095634.hld.root beam_17248100922.hld.root

hadd /d/proc/aug17/313/beam_s313_25_7.hld.root beam_17246031110.hld.root beam_17246032045.hld.root beam_17246032851.hld.root beam_17246033701.hld.root beam_17246034507.hld.root beam_17246035316.hld.root beam_17246040107.hld.root


//314 phi scan

hadd /d/proc/aug17/314/beam_s314_25_1.hld.root beam_17247152254.hld.root beam_17247155103.hld.root beam_17247161909.hld.root beam_17247164207.hld.root

hadd /d/proc/aug17/314/beam_s314_25_2.5.hld.root beam_17247184144.hld.root beam_17247185729.hld.root beam_17247191442.hld.root beam_17247192846.hld.root beam_17247194330.hld.root beam_17247195734.hld.root beam_17247201139.hld.root

hadd /d/proc/aug17/314/beam_s314_25_5.0.hld.root beam_17248233138.hld.root beam_17248234225.hld.root beam_17248235301.hld.root beam_17249000325.hld.root beam_17249001115.hld.root beam_17249001702.hld.root beam_17249002251.hld.root beam_17249002844.hld.root

hadd /d/proc/aug17/314/beam_s314_25_7.5.hld.root beam_17248110057.hld.root beam_17248112040.hld.root beam_17248113116.hld.root beam_17248114331.hld.root beam_17248115735.hld.root beam_17248121111.hld.root beam_17248122447.hld.root beam_17248123824.hld.root

hadd /d/proc/aug17/314/beam_s314_25_10.hld.root beam_17248161346.hld.root beam_17248162425.hld.root beam_17248163506.hld.root beam_17248164544.hld.root beam_17248165639.hld.root beam_17248170734.hld.root beam_17248171829.hld.root

hadd /d/proc/aug17/314/beam_s314_25_12.5.hld.root beam_17248144515.hld.root beam_17248150228.hld.root beam_17248151514.hld.root beam_17248152758.hld.root beam_17248154013.hld.root beam_17248155054.hld.root beam_17248160129.hld.root

hadd /d/proc/aug17/314/beam_s314_25_15.hld.root beam_17248125835.hld.root beam_17248131231.hld.root beam_17248132612.hld.root beam_17248134017.hld.root beam_17248135404.hld.root beam_17248140816.hld.root beam_17248141938.hld.root beam_17248143134.hld.root beam_17248144515.hld.root


//315 theta scan at phi=5
hadd /d/proc/aug17/315/beam_s315_20_5.hld.root beam_17248173350.hld.root beam_17248174327.hld.root beam_17248175508.hld.root beam_17248180422.hld.root beam_17249091638.hld.root beam_17249092335.hld.root beam_17249093030.hld.root beam_17249093738.hld.root beam_17249094437.hld.root beam_17249095139.hld.root

hadd /d/proc/aug17/315/beam_s315_25_5.hld.root beam_17248233138.hld.root beam_17248234225.hld.root beam_17248235301.hld.root beam_17249000325.hld.root beam_17249001115.hld.root beam_17249001702.hld.root beam_17249002251.hld.root beam_17249002844.hld.root beam_17249003430.hld.root beam_17249004022.hld.root beam_17249004608.hld.root beam_17249005201.hld.root beam_17249005747.hld.root beam_17249010339.hld.root beam_17249010927.hld.root beam_17249011532.hld.root beam_17249012125.hld.root beam_17249012707.hld.root beam_17249013301.hld.root beam_17249013908.hld.root beam_17249014515.hld.root beam_17249015122.hld.root beam_17249015726.hld.root beam_17249020327.hld.root beam_17249020940.hld.root beam_17249021542.hld.root beam_17249022149.hld.root beam_17249022756.hld.root beam_17249023420.hld.root beam_17249024142.hld.root beam_17249024843.hld.root beam_17249025602.hld.root beam_17249030304.hld.root beam_17249030953.hld.root beam_17249031527.hld.root beam_17249032157.hld.root beam_17249032827.hld.root beam_17249033533.hld.root

hadd /d/proc/aug17/315/beam_s315_30_5.hld.root beam_17249034257.hld.root beam_17249035031.hld.root beam_17249035757.hld.root beam_17249040525.hld.root beam_17249041250.hld.root beam_17249042020.hld.root beam_17249042746.hld.root beam_17249043513.hld.root beam_17249044235.hld.root beam_17249045002.hld.root beam_17249045729.hld.root beam_17249050451.hld.root beam_17249051203.hld.root beam_17249051909.hld.root beam_17249052610.hld.root beam_17249053252.hld.root beam_17249053933.hld.root beam_17249054546.hld.root beam_17249055143.hld.root beam_17249055743.hld.root beam_17249060346.hld.root beam_17249060951.hld.root beam_17249061558.hld.root beam_17249062158.hld.root

hadd /d/proc/aug17/315/beam_s315_40_5.hld.root beam_17248181531.hld.root beam_17248182840.hld.root beam_17248184209.hld.root

hadd /d/proc/aug17/315/beam_s315_50_5.hld.root beam_17248190930.hld.root beam_17248192505.hld.root beam_17248194327.hld.root

hadd /d/proc/aug17/315/beam_s315_60_5.hld.root beam_17248195351.hld.root beam_17248201248.hld.root

hadd /d/proc/aug17/315/beam_s315_70_5.hld.root beam_17248203104.hld.root beam_17248204939.hld.root

hadd /d/proc/aug17/315/beam_s315_80_5.hld.root beam_17248210252.hld.root beam_17248211803.hld.root

hadd /d/proc/aug17/315/beam_s315_85_5.hld.root beam_17249081108.hld.root beam_17249081851.hld.root

hadd /d/proc/aug17/315/beam_s315_90_5.hld.root beam_17248213302.hld.root beam_17248214727.hld.root

hadd /d/proc/aug17/315/beam_s315_95_5.hld.root beam_17249075027.hld.root beam_17249075758.hld.root beam_17249080531.hld.root

hadd /d/proc/aug17/315/beam_s315_100_5.hld.root beam_17248220223.hld.root beam_17248221720.hld.root

hadd /d/proc/aug17/315/beam_s315_110_5.hld.root beam_17248223059.hld.root beam_17248223059.hld.root

hadd /d/proc/aug17/315/beam_s315_120_5.hld.root beam_17248230014.hld.root beam_17248231351.hld.root beam_17248232734.hld.root

hadd /d/proc/aug17/315/beam_s315_130_5.hld.root beam_17249062951.hld.root beam_17249063639.hld.root beam_17249064319.hld.root beam_17249065003.hld.root beam_17249065652.hld.root beam_17249070333.hld.root

hadd /d/proc/aug17/315/beam_s315_140_5.hld.root beam_17249070627.hld.root beam_17249071358.hld.root beam_17249072027.hld.root beam_17249072646.hld.root beam_17249073310.hld.root beam_17249073943.hld.root beam_17249074604.hld.root

hadd /d/proc/aug17/315/beam_s315_145_5.hld.root beam_17249084755.hld.root beam_17249085614.hld.root beam_17249090421.hld.root

hadd /d/proc/aug17/315/beam_s315_150_5.hld.root beam_17249082956.hld.root beam_17249083521.hld.root beam_17249084239.hld.root

//316 plate

hadd /d/proc/aug17/316/beam_s316_20.hld.root beam_17249183104.hld.root beam_17249184045.hld.root beam_17249185057.hld.root beam_17249190105.hld.root beam_17249191117.hld.root beam_17250115017.hld.root beam_17250115954.hld.root beam_17250120955.hld.root beam_17250122048.hld.root beam_17250123056.hld.root beam_17250124041.hld.root beam_17250124949.hld.root beam_17250125755.hld.root beam_17250130606.hld.root 

hadd /d/proc/aug17/316/beam_s316_25.hld.root beam_17249235604.hld.root beam_17250001637.hld.root beam_17250002637.hld.root beam_17250003646.hld.root beam_17250004737.hld.root beam_17250005742.hld.root beam_17250010751.hld.root beam_17250011832.hld.root beam_17250012847.hld.root beam_17250013446.hld.root beam_17250014037.hld.root beam_17250014637.hld.root beam_17250015229.hld.root beam_17250015826.hld.root beam_17250020426.hld.root beam_17250021026.hld.root beam_17250021618.hld.root beam_17250022217.hld.root beam_17250022818.hld.root beam_17250023412.hld.root beam_17250024001.hld.root beam_17250024554.hld.root beam_17250025153.hld.root beam_17250025753.hld.root beam_17250030350.hld.root beam_17250030936.hld.root 


hadd /d/proc/aug17/316/beam_s316_30.hld.root beam_17250031150.hld.root beam_17250031842.hld.root beam_17250032517.hld.root beam_17250033202.hld.root beam_17250033830.hld.root beam_17250034506.hld.root beam_17250035142.hld.root beam_17250035812.hld.root beam_17250040454.hld.root beam_17250041129.hld.root beam_17250041814.hld.root beam_17250042450.hld.root beam_17250043126.hld.root beam_17250043754.hld.root beam_17250044438.hld.root beam_17250045106.hld.root beam_17250045750.hld.root beam_17250050542.hld.root beam_17250051214.hld.root beam_17250051854.hld.root beam_17250052537.hld.root beam_17250053206.hld.root beam_17250053842.hld.root beam_17250054536.hld.root beam_17250055211.hld.root beam_17250055849.hld.root beam_17250060513.hld.root beam_17250061149.hld.root beam_17250062056.hld.root 

hadd /d/proc/aug17/316/beam_s316_40.hld.root beam_17249191753.hld.root beam_17249193237.hld.root beam_17249194734.hld.root 

hadd /d/proc/aug17/316/beam_s316_50.hld.root beam_17249195628.hld.root beam_17249201102.hld.root beam_17249202609.hld.root 

hadd /d/proc/aug17/316/beam_s316_60.hld.root beam_17249204134.hld.root beam_17249205904.hld.root beam_17249211803.hld.root 

hadd /d/proc/aug17/316/beam_s316_70.hld.root beam_17249212618.hld.root beam_17249214515.hld.root beam_17249220351.hld.root 

hadd /d/proc/aug17/316/beam_s316_80.hld.root beam_17249221103.hld.root beam_17249222313.hld.root beam_17249223520.hld.root 

hadd /d/proc/aug17/316/beam_s316_90.hld.root beam_17249224204.hld.root beam_17249225644.hld.root beam_17249231301.hld.root 

hadd /d/proc/aug17/316/beam_s316_100.hld.root beam_17249231859.hld.root beam_17249233527.hld.root beam_17249235201.hld.root 

hadd /d/proc/aug17/316/beam_s316_110.hld.root beam_17250063005.hld.root beam_17250063914.hld.root beam_17250064818.hld.root beam_17250065725.hld.root 

hadd /d/proc/aug17/316/beam_s316_120.hld.root beam_17250070312.hld.root beam_17250071138.hld.root beam_17250072002.hld.root beam_17250072826.hld.root beam_17250073650.hld.root beam_17250074514.hld.root 

hadd /d/proc/aug17/316/beam_s316_130.hld.root beam_17250075006.hld.root beam_17250075811.hld.root beam_17250080614.hld.root beam_17250081402.hld.root beam_17250082154.hld.root 

hadd /d/proc/aug17/316/beam_s316_140.hld.root beam_17250082821.hld.root beam_17250083624.hld.root beam_17250084502.hld.root beam_17250085344.hld.root beam_17250090234.hld.root 

hadd /d/proc/aug17/316/beam_s316_125.hld.root beam_17250090532.hld.root beam_17250091516.hld.root beam_17250092504.hld.root beam_17250093446.hld.root 

hadd /d/proc/aug17/316/beam_s316_55.hld.root beam_17250093840.hld.root beam_17250094922.hld.root beam_17250095958.hld.root 

hadd /d/proc/aug17/316/beam_s316_45.hld.root beam_17250101010.hld.root beam_17250102203.hld.root 

hadd /d/proc/aug17/316/beam_s316_35.hld.root beam_17250102258.hld.root 

hadd /d/proc/aug17/316/beam_s316_15.hld.root beam_17250103251.hld.root beam_17250103920.hld.root 

hadd /d/proc/aug17/316/beam_s316_65.hld.root beam_17250104325.hld.root 

hadd /d/proc/aug17/316/beam_s316_75.hld.root beam_17250105312.hld.root 

hadd /d/proc/aug17/316/beam_s316_85.hld.root beam_17250110107.hld.root 

hadd /d/proc/aug17/316/beam_s316_95.hld.root beam_17250110829.hld.root 

hadd /d/proc/aug17/316/beam_s316_105.hld.root beam_17250111622.hld.root 

hadd /d/proc/aug17/316/beam_s316_115.hld.root beam_17250112428.hld.root 

hadd /d/proc/aug17/316/beam_s316_135.hld.root beam_17250113311.hld.root beam_17250114157.hld.root 


//317

hadd -f /d/proc/aug17/317/beam_s317_20.hld.root beam_17250143842.hld.root beam_17250144804.hld.root beam_17250145750.hld.root beam_17250150724.hld.root beam_17250151713.hld.root beam_17250152643.hld.root beam_17250153627.hld.root beam_17250154602.hld.root 

#hadd /d/proc/aug17/317/beam_s317_25.hld.root beam_17250155016.hld.root beam_17250160054.hld.root beam_17250161144.hld.root beam_17250162239.hld.root 

hadd /d/proc/aug17/317/beam_s317_40.hld.root beam_17250162639.hld.root beam_17250164054.hld.root beam_17250165525.hld.root beam_17250170923.hld.root beam_17250172253.hld.root 

hadd /d/proc/aug17/317/beam_s317_50.hld.root beam_17250173336.hld.root beam_17250174828.hld.root beam_17250180328.hld.root 

hadd /d/proc/aug17/317/beam_s317_60.hld.root beam_17250181835.hld.root beam_17250183417.hld.root beam_17250185011.hld.root 

hadd /d/proc/aug17/317/beam_s317_70.hld.root beam_17250185901.hld.root beam_17250191617.hld.root beam_17250193324.hld.root 

hadd /d/proc/aug17/317/beam_s317_80.hld.root beam_17250194331.hld.root beam_17250200135.hld.root beam_17250201900.hld.root 

hadd /d/proc/aug17/317/beam_s317_90.hld.root beam_17250202032.hld.root beam_17250203628.hld.root beam_17250205159.hld.root 

hadd /d/proc/aug17/317/beam_s317_100.hld.root beam_17250205646.hld.root beam_17250211335.hld.root 

hadd /d/proc/aug17/317/beam_s317_110.hld.root beam_17250213019.hld.root beam_17250214610.hld.root beam_17250220227.hld.root 

hadd /d/proc/aug17/317/beam_s317_120.hld.root beam_17250220501.hld.root beam_17250222011.hld.root beam_17250223544.hld.root 

hadd -f /d/proc/aug17/317/beam_s317_25.hld.root beam_17250224411.hld.root beam_17250225438.hld.root beam_17250230527.hld.root beam_17250231603.hld.root beam_17250232644.hld.root beam_17250233728.hld.root beam_17250234733.hld.root beam_17250235822.hld.root beam_17251000844.hld.root beam_17251001922.hld.root beam_17251003003.hld.root beam_17251004028.hld.root beam_17251005117.hld.root beam_17251010129.hld.root beam_17251011150.hld.root beam_17251012310.hld.root beam_17251013417.hld.root beam_17251014540.hld.root beam_17251015714.hld.root beam_17251020847.hld.root beam_17251022021.hld.root beam_17251023155.hld.root beam_17251024155.hld.root beam_17251024912.hld.root 

hadd -f /d/proc/aug17/317/beam_s317_30.hld.root beam_17251025441.hld.root beam_17251030255.hld.root beam_17251031119.hld.root beam_17251031929.hld.root beam_17251032736.hld.root beam_17251033555.hld.root beam_17251034348.hld.root beam_17251035207.hld.root beam_17251040000.hld.root beam_17251040819.hld.root beam_17251041630.hld.root beam_17251042424.hld.root beam_17251043247.hld.root beam_17251044043.hld.root beam_17251044854.hld.root beam_17251045659.hld.root beam_17251050505.hld.root beam_17251051311.hld.root beam_17251052117.hld.root beam_17251052919.hld.root beam_17251053729.hld.root beam_17251054525.hld.root beam_17251055805.hld.root 

hadd /d/proc/aug17/317/beam_s317_130.hld.root beam_17251061630.hld.root beam_17251063220.hld.root beam_17251064744.hld.root 

hadd /d/proc/aug17/317/beam_s317_140.hld.root beam_17251070001.hld.root beam_17251071103.hld.root beam_17251071945.hld.root beam_17251072833.hld.root beam_17251073704.hld.root 

hadd /d/proc/aug17/317/beam_s317_125.hld.root  beam_17251074259.hld.root beam_17251075303.hld.root beam_17251080245.hld.root beam_17251081229.hld.root 

#hadd /d/proc/aug17/317/beam_s317_25.hld.root beam_17251081821.hld.root beam_17251082533.hld.root beam_17251083252.hld.root beam_17251084004.hld.root beam_17251084721.hld.root 

hadd /d/proc/aug17/317/beam_s317_55.hld.root beam_17251085535.hld.root


# 318 theta scan at phi = 0

# 319 z-x scan

#z129
hadd /d/proc/aug17/319/beam_s319_262.hld.root beam_17251172120.hld.root beam_17251173015.hld.root beam_17251173855.hld.root beam_17251174742.hld.root beam_17251175646.hld.root beam_17251180544.hld.root 

#x380
hadd /d/proc/aug17/319/beam_s319_513.hld.root beam_17251181358.hld.root beam_17251182320.hld.root beam_17251183147.hld.root beam_17251184032.hld.root beam_17251184922.hld.root beam_17251185801.hld.root 

#z535
hadd /d/proc/aug17/319/beam_s319_668.hld.root beam_17251190951.hld.root beam_17251191846.hld.root beam_17251192743.hld.root beam_17251193633.hld.root beam_17251194539.hld.root

#x-50
hadd /d/proc/aug17/319/beam_s319_xm50.hld.root beam_17251200110.hld.root beam_17251200953.hld.root beam_17251201857.hld.root beam_17251202804.hld.root beam_17251203653.hld.root 

#x25 
hadd /d/proc/aug17/319/beam_s319_x25.hld.root beam_17251205058.hld.root beam_17251205939.hld.root beam_17251210829.hld.root beam_17251211708.hld.root beam_17251212558.hld.root


# theta scan at phi=5; 3LC 
hadd /d/proc/aug17/320/beam_s320_20.hld.root beam_17251222259.hld.root beam_17251223310.hld.root beam_17251224315.hld.root beam_17251225309.hld.root 

hadd /d/proc/aug17/320/beam_s320_25.hld.root beam_17252000851.hld.root beam_17252001810.hld.root beam_17252002938.hld.root beam_17252004051.hld.root beam_17252005226.hld.root beam_17252010404.hld.root beam_17252011518.hld.root beam_17252012652.hld.root beam_17252013805.hld.root beam_17252014933.hld.root beam_17252015833.hld.root beam_17252020723.hld.root beam_17252021619.hld.root beam_17252022521.hld.root beam_17252023400.hld.root beam_17252024302.hld.root beam_17252025140.hld.root beam_17252030031.hld.root beam_17252030921.hld.root beam_17252031823.hld.root

hadd /d/proc/aug17/320/beam_s320_30.hld.root beam_17252032501.hld.root beam_17252033507.hld.root beam_17252034619.hld.root beam_17252035606.hld.root beam_17252040603.hld.root beam_17252041559.hld.root beam_17252042613.hld.root beam_17252043608.hld.root beam_17252044604.hld.root beam_17252045602.hld.root beam_17252050549.hld.root beam_17252051619.hld.root beam_17252052555.hld.root beam_17252053548.hld.root beam_17252054538.hld.root beam_17252055724.hld.root beam_17252061019.hld.root beam_17252062302.hld.root beam_17252063405.hld.root beam_17252064305.hld.root


hadd /d/proc/aug17/320/beam_s320_40.hld.root beam_17251225958.hld.root beam_17251231247.hld.root beam_17251232850.hld.root 

hadd /d/proc/aug17/320/beam_s320_50.hld.root beam_17251233440.hld.root beam_17251235126.hld.root beam_17252000436.hld.root 

hadd /d/proc/aug17/320/beam_s320_60.hld.root beam_17252064551.hld.root beam_17252065747.hld.root beam_17252070948.hld.root 

hadd /d/proc/aug17/320/beam_s320_70.hld.root beam_17252072301.hld.root beam_17252074231.hld.root beam_17252080052.hld.root 

hadd /d/proc/aug17/320/beam_s320_80.hld.root beam_17252080940.hld.root beam_17252082833.hld.root beam_17252084458.hld.root 

hadd /d/proc/aug17/320/beam_s320_90.hld.root beam_17252085259.hld.root beam_17252090508.hld.root beam_17252091722.hld.root beam_17252092944.hld.root 

hadd /d/proc/aug17/320/beam_s320_100.hld.root beam_17252094702.hld.root beam_17252100113.hld.root beam_17252101615.hld.root 

hadd /d/proc/aug17/320/beam_s320_110.hld.root beam_17252104748.hld.root beam_17252110157.hld.root beam_17252111558.hld.root 

hadd /d/proc/aug17/320/beam_s320_120.hld.root beam_17252112721.hld.root beam_17252114055.hld.root beam_17252115421.hld.root 

hadd /d/proc/aug17/320/beam_s320_130.hld.root beam_17252115731.hld.root beam_17252121009.hld.root beam_17252122235.hld.root 

hadd /d/proc/aug17/320/beam_s320_140.hld.root beam_17252122803.hld.root beam_17252123941.hld.root beam_17252125127.hld.root beam_17252130304.hld.root 




# 321 th. offset scan

hadd /d/proc/aug17/321/beam_s321_25_900.hld.root beam_17252211453.hld.root beam_17252212408.hld.root beam_17252213322.hld.root beam_17252214249.hld.root 

hadd /d/proc/aug17/321/beam_s321_25_1200.hld.root beam_17253092715.hld.root beam_17253093551.hld.root beam_17253094433.hld.root beam_17253095304.hld.root 

hadd /d/proc/aug17/321/beam_s321_25_2400.hld.root beam_17253095613.hld.root beam_17253100739.hld.root beam_17253101921.hld.root beam_17253103052.hld.root 

hadd /d/proc/aug17/321/beam_s321_125_900.hld.root beam_17253080457.hld.root beam_17253081757.hld.root beam_17253083034.hld.root beam_17253084133.hld.root beam_17253085228.hld.root 

hadd /d/proc/aug17/321/beam_s321_125_1200.hld.root beam_17253085738.hld.root beam_17253090858.hld.root beam_17253092022.hld.root 



# 322 momentum scan plate+3LC

hadd /d/proc/aug17/322/beam_s322_10.hld.root beam_17252215057.hld.root beam_17252215731.hld.root 
hadd /d/proc/aug17/322/beam_s322_9.hld.root beam_17252220459.hld.root beam_17252221122.hld.root 
hadd /d/proc/aug17/322/beam_s322_8.hld.root beam_17252221749.hld.root beam_17252222510.hld.root 
hadd /d/proc/aug17/322/beam_s322_7.hld.root beam_17252223156.hld.root beam_17252224021.hld.root 
hadd /d/proc/aug17/322/beam_s322_6.hld.root beam_17252224708.hld.root beam_17252225734.hld.root 
hadd /d/proc/aug17/322/beam_s322_5.hld.root beam_17252230448.hld.root beam_17252232201.hld.root 
hadd /d/proc/aug17/322/beam_s322_4.hld.root beam_17252233254.hld.root beam_17252235752.hld.root 
hadd /d/proc/aug17/322/beam_s322_3.hld.root beam_17253000954.hld.root beam_17253005218.hld.root 
hadd /d/proc/aug17/322/beam_s322_2.hld.root beam_17253011434.hld.root beam_17253055608.hld.root beam_17253070516.hld.root 


#323 theta scan

cp beam_17253115922.hld.root beam_17253120320.hld.root beam_17253120717.hld.root beam_17253121145.hld.root beam_17253121546.hld.root beam_17253121937.hld.root beam_17253122256.hld.root beam_17253122621.hld.root beam_17253122927.hld.root beam_17253123238.hld.root beam_17253123541.hld.root beam_17253123831.hld.root beam_17253124041.hld.root beam_17253124232.hld.root beam_17253124413.hld.root beam_17253124713.hld.root beam_17253124856.hld.root beam_17253125035.hld.root beam_17253125158.hld.root beam_17253125333.hld.root beam_17253125511.hld.root beam_17253125649.hld.root beam_17253125831.hld.root beam_17253130011.hld.root beam_17253130206.hld.root beam_17253130341.hld.root /d/proc/aug17/323/.

#324 colimator 5x5

hadd /d/proc/aug17/324/beam_s324_5x5.hld.root beam_17252184823.hld.root beam_17252191733.hld.root beam_17252195252.hld.root beam_17252203108.hld.root 


#325 x edge scan
hadd /d/proc/aug17/325/beam_s325_x105.hld.root beam_17253153034.hld.root beam_17253154357.hld.root beam_17253155734.hld.root

hadd /d/proc/aug17/325/beam_s325_x95.hld.root beam_17253160431.hld.root beam_17253161443.hld.root beam_17253162456.hld.root 

#326 theta scan with plate+cookies+3LC

cp  beam_17253134837.hld.root beam_17253135121.hld.root beam_17253135327.hld.root beam_17253135538.hld.root beam_17253135758.hld.root beam_17253140013.hld.root beam_17253140220.hld.root beam_17253140439.hld.root beam_17253140658.hld.root beam_17253140950.hld.root beam_17253141258.hld.root beam_17253141532.hld.root beam_17253141820.hld.root beam_17253142508.hld.root /d/proc/aug17/326/.

hadd /d/proc/aug17/326/beam_s326_25.hld.root beam_17253134543.hld.root beam_17253142716.hld.root beam_17253143425.hld.root beam_17253144137.hld.root beam_17253144842.hld.root beam_17253145554.hld.root beam_17253150309.hld.root beam_17253151002.hld.root beam_17253151715.hld.root


#330 theta scan bar+grease+3LC HS


hadd /d/proc/aug17/330/beam_s330_20.hld.root beam_17253233933.hld.root beam_17253234820.hld.root beam_17253235702.hld.root beam_17254000537.hld.root beam_17254001422.hld.root beam_17254002253.hld.root beam_17254003128.hld.root beam_17254004003.hld.root beam_17254004849.hld.root beam_17254005731.hld.root beam_17254010616.hld.root beam_17254011451.hld.root beam_17254012322.hld.root beam_17254013157.hld.root beam_17254014054.hld.root beam_17254014946.hld.root beam_17254015839.hld.root beam_17254020735.hld.root beam_17254021610.hld.root beam_17254022452.hld.root beam_17254023328.hld.root beam_17254024231.hld.root beam_17254025143.hld.root beam_17254030040.hld.root beam_17254030943.hld.root 

hadd /d/proc/aug17/330/beam_s330_25.hld.root beam_17254031211.hld.root beam_17254032256.hld.root beam_17254033250.hld.root beam_17254034320.hld.root beam_17254035332.hld.root beam_17254040344.hld.root beam_17254041356.hld.root beam_17254042408.hld.root beam_17254043350.hld.root beam_17254044339.hld.root beam_17254045344.hld.root beam_17254050327.hld.root beam_17254051314.hld.root beam_17254052308.hld.root beam_17254053302.hld.root beam_17254054238.hld.root beam_17254055221.hld.root beam_17254060226.hld.root beam_17254061104.hld.root beam_17254061801.hld.root beam_17254062500.hld.root 

hadd /d/proc/aug17/330/beam_s330_30.hld.root beam_17253192643.hld.root beam_17253193750.hld.root beam_17253194855.hld.root beam_17253195712.hld.root 

hadd /d/proc/aug17/330/beam_s330_40.hld.root beam_17253195712.hld.root beam_17253201025.hld.root beam_17253202329.hld.root 
hadd /d/proc/aug17/330/beam_s330_50.hld.root beam_17253202748.hld.root beam_17253204158.hld.root beam_17253205626.hld.root 
hadd /d/proc/aug17/330/beam_s330_60.hld.root beam_17253205819.hld.root beam_17253211325.hld.root beam_17253212811.hld.root 
hadd /d/proc/aug17/330/beam_s330_70.hld.root beam_17253213338.hld.root beam_17253214911.hld.root 
hadd /d/proc/aug17/330/beam_s330_80.hld.root beam_17253220547.hld.root beam_17253222156.hld.root 
hadd /d/proc/aug17/330/beam_s330_90.hld.root beam_17253223758.hld.root beam_17253225153.hld.root beam_17253230547.hld.root 
hadd /d/proc/aug17/330/beam_s330_100.hld.root beam_17253230713.hld.root beam_17253232156.hld.root 

hadd /d/proc/aug17/330/beam_s330_110.hld.root beam_17254063100.hld.root beam_17254064049.hld.root beam_17254065249.hld.root beam_17254070457.hld.root 

hadd /d/proc/aug17/330/beam_s330_120.hld.root beam_17254070617.hld.root beam_17254071748.hld.root beam_17254072925.hld.root beam_17254074013.hld.root 

hadd /d/proc/aug17/330/beam_s330_130.hld.root beam_17254074316.hld.root beam_17254075203.hld.root beam_17254080103.hld.root beam_17254080959.hld.root 

hadd /d/proc/aug17/330/beam_s330_140.hld.root beam_17254081240.hld.root beam_17254082051.hld.root beam_17254082857.hld.root 
hadd /d/proc/aug17/330/beam_s330_125.hld.root beam_17254083734.hld.root beam_17254084649.hld.root beam_17254085828.hld.root 
hadd /d/proc/aug17/330/beam_s330_55.hld.root beam_17254090322.hld.root beam_17254091603.hld.root beam_17254092821.hld.root 


#331 theta scan bar+grease+3LC LS

cp beam_17253233933.hld.root beam_17254031211.hld.root beam_17253192643.hld.root beam_17254094201.hld.root beam_17253195712.hld.root beam_17254092959.hld.root beam_17253202748.hld.root beam_17254090322.hld.root beam_17253205819.hld.root beam_17254095328.hld.root beam_17253213338.hld.root beam_17254100438.hld.root beam_17253220547.hld.root beam_17254101544.hld.root beam_17253223758.hld.root beam_17254102621.hld.root beam_17253230713.hld.root beam_17254103710.hld.root beam_17254063100.hld.root beam_17254104756.hld.root beam_17254070617.hld.root beam_17254083734.hld.root beam_17254074316.hld.root beam_17254110232.hld.root beam_17254081240.hld.root beam_17254111419.hld.root beam_17254112735.hld.root /d/proc/aug17/331/.


#332 theta scan bar+grease+3LS

hadd /d/proc/aug17/332/beam_s332_30.hld.root beam_17254185327.hld.root beam_17254185617.hld.root beam_17254191313.hld.root beam_17254192455.hld.root 

hadd /d/proc/aug17/332/beam_s332_40.hld.root beam_17254193453.hld.root beam_17254194834.hld.root beam_17254200637.hld.root 

hadd /d/proc/aug17/332/beam_s332_50.hld.root beam_17254201133.hld.root beam_17254202632.hld.root beam_17254203443.hld.root beam_17254205220.hld.root beam_17254210910.hld.root 

hadd /d/proc/aug17/332/beam_s332_60.hld.root beam_17254211124.hld.root beam_17254212913.hld.root beam_17254214808.hld.root 

hadd /d/proc/aug17/332/beam_s332_70.hld.root beam_17254220421.hld.root beam_17254222259.hld.root beam_17254223813.hld.root 

hadd /d/proc/aug17/332/beam_s332_80.hld.root beam_17254224536.hld.root beam_17254230234.hld.root beam_17254231937.hld.root 

hadd /d/proc/aug17/332/beam_s332_20.hld.root beam_17254232429.hld.root beam_17254233549.hld.root beam_17254234731.hld.root beam_17254235837.hld.root beam_17255001001.hld.root beam_17255002143.hld.root beam_17255003310.hld.root beam_17255004431.hld.root beam_17255005555.hld.root beam_17255010701.hld.root beam_17255011810.hld.root beam_17255012817.hld.root beam_17255013828.hld.root beam_17255015044.hld.root beam_17255020330.hld.root beam_17255021554.hld.root beam_17255022808.hld.root beam_17255024020.hld.root 

hadd /d/proc/aug17/332/beam_s332_25.hld.root beam_17255024949.hld.root beam_17255030156.hld.root beam_17255031446.hld.root beam_17255032708.hld.root beam_17255033944.hld.root beam_17255041541.hld.root beam_17255042834.hld.root beam_17255044132.hld.root beam_17255045408.hld.root beam_17255050714.hld.root beam_17255052032.hld.root beam_17255053322.hld.root beam_17255054620.hld.root beam_17255055926.hld.root 

hadd /d/proc/aug17/332/beam_s332_120.hld.root beam_17255062534.hld.root beam_17255064544.hld.root beam_17255070141.hld.root beam_17255072144.hld.root 

hadd /d/proc/aug17/332/beam_s332_150.hld.root beam_17255073822.hld.root beam_17255075108.hld.root beam_17255080415.hld.root 

hadd /d/proc/aug17/332/beam_s332_140.hld.root beam_17255081456.hld.root beam_17255082946.hld.root beam_17255084427.hld.root 

hadd /d/proc/aug17/332/beam_s332_130.hld.root beam_17255085550.hld.root beam_17255091205.hld.root beam_17255092827.hld.root 

hadd /d/proc/aug17/332/beam_s332_110.hld.root beam_17255093146.hld.root beam_17255095003.hld.root 

hadd /d/proc/aug17/332/beam_s332_100.hld.root beam_17255101804.hld.root beam_17255104934.hld.root 

hadd /d/proc/aug17/332/beam_s332_90.hld.root beam_17255110809.hld.root beam_17255112657.hld.root beam_17255114551.hld.root 

hadd /d/proc/aug17/332/beam_s332_30.hld.root beam_17255114841.hld.root beam_17255120401.hld.root beam_17255122020.hld.root beam_17255123639.hld.root


# 333 x-scan bar+3LS

-40mm beam_17255152659.hld
-36mm beam_17255152233.hld
-32mm beam_17255151854.hld
-28mm beam_17255151437.hld
-24mm beam_17255151040.hld
-20mm beam_17255150625.hld
-16mm beam_17255150223.hld
-12mm beam_17255145801.hld
-8mm  beam_17255145344.hld
-4mm  beam_17255144946.hld
+0mm  beam_17255144431.hld
+4mm  beam_17255143352.hld
+8mm  beam_17255141534.hld
+12mm beam_17255141056.hld
+16mm beam_17255140703.hld
+20mm beam_17255134047.hld
+24mm beam_17255134435.hld
+28mm beam_17255134834.hld
+32mm beam_17255135222.hld
+36mm beam_17255135819.hld
+40mm beam_17255140213.hld
+44mm beam_17255153345.hld
+48mm beam_17255153904.hld
+52mm beam_17255154411.hld
+56mm beam_17255154850.hld
+60mm beam_17255155308.hld
+80mm beam_17255155835.hld
+100m beam_17255160454.hld

cp beam_17255152659.hld.root beam_17255152233.hld.root beam_17255151854.hld.root beam_17255151437.hld.root beam_17255151040.hld.root beam_17255150625.hld.root beam_17255150223.hld.root beam_17255145801.hld.root beam_17255145344.hld.root beam_17255144946.hld.root beam_17255144431.hld.root beam_17255143352.hld.root beam_17255141534.hld.root beam_17255141056.hld.root beam_17255140703.hld.root beam_17255134047.hld.root beam_17255134435.hld.root beam_17255134834.hld.root beam_17255135222.hld.root beam_17255135819.hld.root beam_17255140213.hld.root beam_17255153345.hld.root beam_17255153904.hld.root beam_17255154411.hld.root beam_17255154850.hld.root beam_17255155308.hld.root beam_17255155835.hld.root beam_17255160454.hld.root /d/proc/aug17/333/.


# 334 theta scan bar+grease+3LS @ 10 GeV/c @ phi=0

hadd /d/proc/aug17/334/beam_s334_20.hld.root beam_17255191030.hld.root beam_17255192118.hld.root beam_17255193201.hld.root beam_17255194246.hld.root beam_17255195249.hld.root beam_17255200143.hld.root beam_17255201043.hld.root beam_17255201925.hld.root beam_17255202810.hld.root beam_17255203649.hld.root beam_17255204534.hld.root beam_17255205413.hld.root beam_17255210258.hld.root beam_17255211123.hld.root beam_17255212019.hld.root beam_17255213222.hld.root 

hadd /d/proc/aug17/334/beam_s334_30.hld.root beam_17255213413.hld.root beam_17255215058.hld.root beam_17255220707.hld.root 

hadd /d/proc/aug17/334/beam_s334_60.hld.root beam_17255221737.hld.root beam_17255224425.hld.root beam_17255231056.hld.root 

hadd /d/proc/aug17/334/beam_s334_25.hld.root beam_17255231438.hld.root beam_17255233338.hld.root beam_17255235102.hld.root beam_17256000602.hld.root beam_17256001825.hld.root beam_17256002600.hld.root beam_17256003347.hld.root beam_17256004129.hld.root beam_17256004901.hld.root beam_17256005636.hld.root beam_17256010401.hld.root beam_17256011136.hld.root beam_17256011918.hld.root beam_17256012658.hld.root beam_17256013437.hld.root beam_17256014211.hld.root beam_17256014946.hld.root beam_17256015712.hld.root beam_17256020454.hld.root beam_17256021212.hld.root beam_17256021954.hld.root beam_17256022741.hld.root beam_17256023523.hld.root beam_17256024310.hld.root beam_17256025049.hld.root beam_17256025837.hld.root beam_17256030625.hld.root beam_17256031413.hld.root beam_17256032201.hld.root beam_17256032958.hld.root beam_17256033753.hld.root beam_17256034542.hld.root beam_17256035349.hld.root beam_17256040213.hld.root beam_17256041018.hld.root beam_17256041759.hld.root beam_17256042546.hld.root beam_17256043334.hld.root beam_17256044130.hld.root beam_17256044924.hld.root beam_17256045734.hld.root beam_17256050530.hld.root beam_17256051337.hld.root beam_17256052201.hld.root beam_17256052949.hld.root beam_17256053723.hld.root beam_17256054511.hld.root 

hadd /d/proc/aug17/334/beam_s334_120.hld.root  beam_17256055216.hld.root beam_17256060141.hld.root beam_17256061107.hld.root beam_17256062028.hld.root beam_17256062949.hld.root beam_17256063931.hld.root beam_17256064836.hld.root beam_17256065807.hld.root beam_17256070727.hld.root
